F:\WORKPLACE\GITHUB\TIMER_INITIAL_CALCULATION\TIMER_INITIAL_CALCULATION\DEBUG\MAIN.OBJ
F:\WORKPLACE\GITHUB\TIMER_INITIAL_CALCULATION\TIMER_INITIAL_CALCULATION\DEBUG\VC110.PDB
F:\WORKPLACE\GITHUB\TIMER_INITIAL_CALCULATION\DEBUG\TIMER_INITIAL_CALCULATION.ILK
F:\WORKPLACE\GITHUB\TIMER_INITIAL_CALCULATION\DEBUG\TIMER_INITIAL_CALCULATION.EXE
F:\WORKPLACE\GITHUB\TIMER_INITIAL_CALCULATION\DEBUG\TIMER_INITIAL_CALCULATION.PDB
F:\WORKPLACE\GITHUB\TIMER_INITIAL_CALCULATION\TIMER_INITIAL_CALCULATION\DEBUG\TIMER_INITIAL_CALCULATION.RES
F:\Workplace\GitHub\Timer_Initial_calculation\Timer_Initial_calculation\Debug\main.obj
F:\Workplace\GitHub\Timer_Initial_calculation\Timer_Initial_calculation\Debug\cl.command.1.tlog
F:\Workplace\GitHub\Timer_Initial_calculation\Timer_Initial_calculation\Debug\CL.read.1.tlog
F:\Workplace\GitHub\Timer_Initial_calculation\Timer_Initial_calculation\Debug\CL.write.1.tlog
F:\Workplace\GitHub\Timer_Initial_calculation\Timer_Initial_calculation\Debug\link-cvtres.read.1.tlog
F:\Workplace\GitHub\Timer_Initial_calculation\Timer_Initial_calculation\Debug\link-cvtres.write.1.tlog
F:\Workplace\GitHub\Timer_Initial_calculation\Timer_Initial_calculation\Debug\link-rc.read.1.tlog
F:\Workplace\GitHub\Timer_Initial_calculation\Timer_Initial_calculation\Debug\link-rc.write.1.tlog
F:\Workplace\GitHub\Timer_Initial_calculation\Timer_Initial_calculation\Debug\link.command.1.tlog
F:\Workplace\GitHub\Timer_Initial_calculation\Timer_Initial_calculation\Debug\link.read.1.tlog
F:\Workplace\GitHub\Timer_Initial_calculation\Timer_Initial_calculation\Debug\link.write.1.tlog
F:\Workplace\GitHub\Timer_Initial_calculation\Timer_Initial_calculation\Debug\rc.command.1.tlog
F:\Workplace\GitHub\Timer_Initial_calculation\Timer_Initial_calculation\Debug\rc.read.1.tlog
F:\Workplace\GitHub\Timer_Initial_calculation\Timer_Initial_calculation\Debug\rc.write.1.tlog
F:\Workplace\GitHub\Timer_Initial_calculation\Timer_Initial_calculation\Debug\Timer_Initial_calculation.res
F:\Workplace\GitHub\Timer_Initial_calculation\Timer_Initial_calculation\Debug\vc110.idb
F:\Workplace\GitHub\Timer_Initial_calculation\Timer_Initial_calculation\Debug\vc110.pdb
F:\Workplace\GitHub\Timer_Initial_calculation\Debug\Timer_Initial_calculation.pdb
F:\Workplace\GitHub\Timer_Initial_calculation\Debug\Timer_Initial_calculation.exe
F:\Workplace\GitHub\Timer_Initial_calculation\Debug\Timer_Initial_calculation.ilk
